<?xml version="1.0" encoding="UTF-8"?>
<!-- Generated by org.testng.reporters.JUnitReportReporter -->
<testsuite hostname="MrB" failures="0" tests="3" name="roughTrials.MobileTesting" time="10.897" errors="0" timestamp="2021-06-22T13:33:15 EDT" skipped="0">
  <testcase classname="roughTrials.MobileTesting" name="mobileTesting" time="3.223"/>
  <system-out/>
  <testcase classname="roughTrials.MobileTesting" name="mobileTesting" time="4.578"/>
  <system-out/>
  <testcase classname="roughTrials.MobileTesting" name="mobileTesting" time="3.096"/>
  <system-out/>
</testsuite> <!-- roughTrials.MobileTesting -->
